mode: set
github.com/saidakhmatov/golang/Project_5/bigint/bigint.go:17.32,23.53 3 1
github.com/saidakhmatov/golang/Project_5/bigint/bigint.go:28.2,28.32 1 1
github.com/saidakhmatov/golang/Project_5/bigint/bigint.go:35.2,35.12 1 1
github.com/saidakhmatov/golang/Project_5/bigint/bigint.go:23.53,25.3 1 1
github.com/saidakhmatov/golang/Project_5/bigint/bigint.go:28.32,29.49 1 1
github.com/saidakhmatov/golang/Project_5/bigint/bigint.go:29.49,31.4 1 1
github.com/saidakhmatov/golang/Project_5/bigint/bigint.go:39.41,44.37 2 1
github.com/saidakhmatov/golang/Project_5/bigint/bigint.go:47.2,47.30 1 1
github.com/saidakhmatov/golang/Project_5/bigint/bigint.go:44.37,46.3 1 1
github.com/saidakhmatov/golang/Project_5/bigint/bigint.go:51.30,64.2 6 1
github.com/saidakhmatov/golang/Project_5/bigint/bigint.go:67.30,81.2 6 1
github.com/saidakhmatov/golang/Project_5/bigint/bigint.go:84.35,98.2 6 1
github.com/saidakhmatov/golang/Project_5/bigint/bigint.go:101.30,115.2 6 1
github.com/saidakhmatov/golang/Project_5/bigint/bigint.go:118.31,121.19 2 1
github.com/saidakhmatov/golang/Project_5/bigint/bigint.go:127.2,129.3 1 1
github.com/saidakhmatov/golang/Project_5/bigint/bigint.go:121.19,126.3 1 1
github.com/saidakhmatov/golang/Project_5/bigint/bigint.go:132.33,135.2 1 1
